form
'g'w/
Ai)gai/ou
Ai)gi/nhs
Ai)gu/ptioi
Ai)sxu/le
Ai)sxu/lon
Ai)sxu/los
Ai)sxu/lou
Ai)/anti
Ai)/guptos
Ai)/olon
Au(ai/nou
Bakxei='
Bakxei=on
Bare/ws
Bellerofo/ntas
Bou/lei
Ba/ros
Ba/traxoi
Glu/kh
Glu/khs
Gorgo/nes
Darei/ou
Diago/ras
Diomei/ois
Dionu/sou
Dis
Ditu/las
Dio/nuse
Dio/nuson
Dio/nusos
Dio/s
Dh/mhter
Dh/mhtra
Dh/mhtros
Di/a
Di/ktunna
Dh=lon
Ei)/pw
Eu)ripi/dh
Eu)ripi/dhn
Eu)ripi/dhs
Eu)ripi/dou
Zeu/s
Zeu=
Qera/paina
Qhbai/ous
Qhrame/nhs
Qhrame/nous
Qhseu/s
Qrh|ki/a
Qwruki/wn
Qa/natos
Qh/bas
Kalli/an
Karikw=n
Kerameiko/n
Keramh=s
Kerberi/ous
Kei=os
Khfisofw=n
Khfisofw=nta
Kimwli/as
Kinhsi/ou
Kinhsi/a|
Kleige/nhs
Kleidhmi/dhs
Kleisqe/nei
Kleisqe/nous
Kleitofw=n
Kleofw=n
Kleofw=nti
Kleofw=ntos
Kleo/kriton
Kle/wn'
Kle/wna/
Krati/nou
Krhtika/s
Krh=tes
Kurh/nhs
Kwkutou=
Ka/dmos
Ke/rberon
Ko/rinqos
Ku/knous
Leukolo/fou
Lukabhttou/s
La/maxos
Lh/qhs
Li/mnaisin
Lu/kis
Maka/rwn
Mamma/kuqoi
Mani/a
Manh=s
Maraqw=nos
Megai/neto/s
Meliti/dai
Mele/agron
Melh/tou
Meli/ths
Mhdikoi=s
Milhsi/ois
Morsi/mou
Mousai=os
Mousw=n
Mou/sais
Moi=rai
Mou=sa
Mou=sai
Me/mnonas
Mo/lwn
Mu/rmhki/
Nikoma/xw|
Nio/bh
Nio/bhn
Nukto/s
Nush/ion
Ne/kros
Nu/mfai
Canqi/a
Canqi/an
Canqi/as
Canqi/dion
Oi)di/pous
Oi)neu/s
Pala/mhdes
Panaqhnai/oisi
Pandokeutri/a
Pantakle/a
Pardo/kas
Parnasso/n
Parnassw=n
Para/lous
Patro/klwn
Peiqou=s
Phle/a
Plaqa/nh
Plataia=s
Plou/twn
Plou/twn'
Plou/twnos
Poseidw=
Puqa/ggelos
Puqw=n'
Pa/n
Pe/loy
Pe/rsas
Po/lubon
Po/seidon
Pi=san
Sebi=non
Senokle/hs
Sqeneboi/as
Sqene/boiai
Sidw/nio/n
Skama/ndrous
Skeblu/as
Sofoklei=
Sofokle/a
Sofokle/hs
Sofokle/ous
Sperxeie/
Stamni/ou
Stugo/s
Sfi/gga
Swkra/tei
Sw/teiran
Tanta/leios
Tarthsi/a
Tai/naron
Teiqra/siai
Teu/krwn
Th/lefon
Fai/dras
Ferre/fatq'
Fqiw=t'
Filoce/nou
Formi/sios
Foi=b'
Fruni/xou
Fruni/xw|
Fru/nixos
Xoro/s
Xa/rwn
Xu/troisi
Xi=os
auto/n
:longtime	0.00	ai)qe/ra
:longtime	0.00	ai)tiw=
:longtime	0.00	au)dw=
au)qa/dws
:longtime	0.00	au)lw=n
au)/te
:longtime	0.00	glw=ss'
:longtime	0.00	glw=tt'
grupaie/tous
:longtime	0.01	diagwniei=sq'
dusameria=n
ei(eieieili/ssete
ei(eieieili/ssousa
eu)
qo/s
:longtime	0.03	kath=lq'
kentaurikw=s
:time 0.00 0.00
1000 802 80.20 kukli/oisi 3
ka)meiyi/as
ka)rxe/dhmos
ka)/peite
kw)=|non
melanonekuei/mona
mousei=a
murrinw=nas
ma)lla
me/ntou)gw/
n'
ni
noei/n
oi)=sqe
ou(/nexa
parainei=t':  ran out of space with 25 analyses!
parainei=t':  ran out of space with 25 analyses!
parainei=t':  ran out of space with 25 analyses!
parainei=t':  ran out of space with 25 analyses!
parainei=t':  ran out of space with 25 analyses!
parainei=t':  ran out of space with 25 analyses!
parainei=t':  ran out of space with 25 analyses!
parainei=t':  ran out of space with 25 analyses!
parainei=t':  ran out of space with 25 analyses!
parainei=t':  ran out of space with 25 analyses!
parainei=t':  ran out of space with 25 analyses!
parainei=t':  ran out of space with 25 analyses!
parainei=t':  ran out of space with 25 analyses!
parainei=t':  ran out of space with 25 analyses!
parainei=t':  ran out of space with 25 analyses!
parainei=t':  ran out of space with 25 analyses!
parainei=t':  ran out of space with 25 analyses!
parainei=t':  ran out of space with 25 analyses!
parainei=t':  ran out of space with 25 analyses!
parainei=t':  ran out of space with 25 analyses!
parainei=t':  ran out of space with 25 analyses!
parainei=t':  ran out of space with 25 analyses!
parainei=t':  ran out of space with 25 analyses!
parainei=t':  ran out of space with 25 analyses!
parainei=t':  ran out of space with 25 analyses!
parainei=t':  ran out of space with 25 analyses!
parainei=t':  ran out of space with 25 analyses!
parainei=t':  ran out of space with 25 analyses!
parainei=t':  ran out of space with 25 analyses!
parainei=t':  ran out of space with 25 analyses!
parainei=t':  ran out of space with 25 analyses!
parainei=t':  ran out of space with 25 analyses!
parainei=t':  ran out of space with 25 analyses!
parainei=t':  ran out of space with 25 analyses!
parainei=t':  ran out of space with 25 analyses!
parainei=t':  ran out of space with 25 analyses!
parainei=t':  ran out of space with 25 analyses!
parainei=t':  ran out of space with 25 analyses!
parainei=t':  ran out of space with 25 analyses!
parainei=t':  ran out of space with 25 analyses!
parainei=t':  ran out of space with 25 analyses!
parainei=t':  ran out of space with 25 analyses!
parainei=t':  ran out of space with 25 analyses!
parainei=t':  ran out of space with 25 analyses!
parainei=t':  ran out of space with 25 analyses!
parainei=t':  ran out of space with 25 analyses!
parainei=t':  ran out of space with 25 analyses!
parainei=t':  ran out of space with 25 analyses!
parainei=t':  ran out of space with 25 analyses!
parainei=t':  ran out of space with 25 analyses!
parainei=t':  ran out of space with 25 analyses!
parainei=t':  ran out of space with 25 analyses!
parainei=t':  ran out of space with 25 analyses!
parainei=t':  ran out of space with 25 analyses!
parainei=t':  ran out of space with 25 analyses!
parainei=t':  ran out of space with 25 analyses!
parainei=t':  ran out of space with 25 analyses!
parainei=t':  ran out of space with 25 analyses!
parainei=t':  ran out of space with 25 analyses!
parainei=t':  ran out of space with 25 analyses!
parainei=t':  ran out of space with 25 analyses!
parainei=t':  ran out of space with 25 analyses!
parainei=t':  ran out of space with 25 analyses!
parainei=t':  ran out of space with 25 analyses!
parainei=t':  ran out of space with 25 analyses!
parainei=t':  ran out of space with 25 analyses!
parainei=t':  ran out of space with 25 analyses!
parainei=t':  ran out of space with 25 analyses!
parainei=t':  ran out of space with 25 analyses!
parainei=t':  ran out of space with 25 analyses!
parainei=t':  ran out of space with 25 analyses!
parainei=t':  ran out of space with 25 analyses!
parainei=t':  ran out of space with 25 analyses!
parainei=t':  ran out of space with 25 analyses!
parainei=t':  ran out of space with 25 analyses!
parainei=t':  ran out of space with 25 analyses!
parainei=t':  ran out of space with 25 analyses!
parainei=t':  ran out of space with 25 analyses!
parainei=t':  ran out of space with 25 analyses!
parainei=t':  ran out of space with 25 analyses!
parainei=t':  ran out of space with 25 analyses!
parainei=t':  ran out of space with 25 analyses!
parainei=t':  ran out of space with 25 analyses!
parainei=t':  ran out of space with 25 analyses!
parainei=t':  ran out of space with 25 analyses!
parainei=t':  ran out of space with 25 analyses!
parainei=t':  ran out of space with 25 analyses!
parainei=t':  ran out of space with 25 analyses!
parainei=t':  ran out of space with 25 analyses!
parainei=t':  ran out of space with 25 analyses!
parainei=t':  ran out of space with 25 analyses!
parainei=t':  ran out of space with 25 analyses!
parainei=t':  ran out of space with 25 analyses!
parainei=t':  ran out of space with 25 analyses!
parainei=t':  ran out of space with 25 analyses!
parainei=t':  ran out of space with 25 analyses!
parainei=t':  ran out of space with 25 analyses!
parainei=t':  ran out of space with 25 analyses!
parainei=t':  ran out of space with 25 analyses!
parainei=t':  ran out of space with 25 analyses!
parainw=:  ran out of space with 25 analyses!
parainw=:  ran out of space with 25 analyses!
parainw=:  ran out of space with 25 analyses!
parainw=:  ran out of space with 25 analyses!
parainw=:  ran out of space with 25 analyses!
parainw=:  ran out of space with 25 analyses!
parainw=:  ran out of space with 25 analyses!
parainw=:  ran out of space with 25 analyses!
parainw=:  ran out of space with 25 analyses!
parainw=:  ran out of space with 25 analyses!
parainw=:  ran out of space with 25 analyses!
parainw=:  ran out of space with 25 analyses!
perio/yoma)pelqo/nt'
pei=n
pneusei=tai
pra|o/nws
po/lla
:time 0.00 0.00
2000 1783 89.15 pu/qesqe/ 5
sebh=
tai)/tion
tau)/ta
tis)
tos
toutoumeni/
toflattoqrat
tunnoutw|i/
:longtime	0.03	ta)nanti/'
filako/lou
flattoqrat
xhstri/d'
xrh=sqe:  ran out of space with 25 analyses!
a)ei/nwn
a)mpisxw/n
a)papai/
a)parxa/s'
ἁ
a(naflu/stios
ἅ
:time 0.00 0.00
3000 2765 92.17 a(/lis 1
ἆ
A)ga/qwn
A)gh/noros
A)deima/ntou
A)qhnai/oisi
A)qhnai/wn
A)lkibia/dou
A)lkmh/nhs
A)ndrome/dan
A)po/llw
A)po/llwn
A)rgou=s
A)rte/midos
A)rxeno/mw|
A)rxe/dhmon
A)tre/ws
A)frodi/ths
A)xaiw=n
A)xero/ntio/s
A)xilleu/s
A)xilleu=
A)xille/a
A)i/da
A(po/llwn
A)/iakos
A)/pollon
A)/rgos
A)/rews
A)/rtemis
A(/idou
e)gwge
e)zwn
e)kleya
e)lesbi/azen
e)me
e)cele
e)stai
e)te/ra|
e)/ndoqen)
e(/pta
E)pi/dauron
E)rasini/dou
E)riou/nion
E(katai/wn
E(ka/ta
E(lla/dos
E(llh/nwn
E(rma=n
E(rmh=
E(rmh=n
E)/mpousa
E)/rucin
E(/llhsi
ἡ
ἤ
ἥ
h(/mpousa
ἦ
H(ge/loxos
H(rakleiocanqi/an
H(rakle/a
H(raklh=s
H(ra/kleia
H(ra/kleis
H(si/odos
ἰή
ἰώ
i(sto/pona
I)ofw=n
I)ofw=nt'
I(ppobi/nou
I(ppw/naktos
I)/akxe
I)/akxon
I)/das
o)cu/lalon
o)po/p
o)r
ὁ
ὅ
O)restei/as
O)rfeu/s
O)re/sthn
O)re/sths
O)/nou
O(/mhros
U(pe/rbolon
ὤ
ὦ
w)=delfi/dion
w)=maqe/stat'
w)=no/htoi
ᾖ
ᾗ
w)|sxu/le
ᾧ
r(uppapai=
